\BOOKMARK [1][-]{Doc-Start}{Abstract}{}% 1
\BOOKMARK [1][-]{section.1}{Introduction}{}% 2
\BOOKMARK [2][-]{subsection.1.1}{Introduction of Topic}{section.1}% 3
\BOOKMARK [2][-]{subsection.1.2}{Project Objective}{section.1}% 4
\BOOKMARK [1][-]{section.2}{Project Overview}{}% 5
\BOOKMARK [2][-]{subsection.2.1}{Initial study \046 Background study}{section.2}% 6
\BOOKMARK [1][-]{section.3}{System}{}% 7
\BOOKMARK [2][-]{subsection.3.1}{Block diagram of the System}{section.3}% 8
\BOOKMARK [2][-]{subsection.3.2}{Controller}{section.3}% 9
\BOOKMARK [3][-]{subsubsection.3.2.1}{Arduino Uno Board}{subsection.3.2}% 10
\BOOKMARK [3][-]{subsubsection.3.2.2}{ESP8266}{subsection.3.2}% 11
\BOOKMARK [2][-]{subsection.3.3}{Sensors}{section.3}% 12
\BOOKMARK [3][-]{subsubsection.3.3.1}{Infrared \(IR\) Obstacle Avoidance Sensor Module}{subsection.3.3}% 13
\BOOKMARK [3][-]{subsubsection.3.3.2}{Ultrasonic Sensor HC-SR04}{subsection.3.3}% 14
\BOOKMARK [2][-]{subsection.3.4}{Driver and Motor}{section.3}% 15
\BOOKMARK [3][-]{subsubsection.3.4.1}{Motor Driver Module L298N}{subsection.3.4}% 16
\BOOKMARK [3][-]{subsubsection.3.4.2}{Motor}{subsection.3.4}% 17
\BOOKMARK [2][-]{subsection.3.5}{Miscellaneous}{section.3}% 18
\BOOKMARK [2][-]{subsection.3.6}{Mechanism Design of the system}{section.3}% 19
\BOOKMARK [2][-]{subsection.3.7}{Circuit diagram of DIY Automatic Delivery Trolley}{section.3}% 20
\BOOKMARK [2][-]{subsection.3.8}{Flow chart of the system}{section.3}% 21
\BOOKMARK [1][-]{section.4}{Methology}{}% 22
\BOOKMARK [1][-]{section.5}{Experiment and Result}{}% 23
\BOOKMARK [2][-]{subsection.5.1}{Delivery System}{section.5}% 24
\BOOKMARK [2][-]{subsection.5.2}{Obstacle Detection System}{section.5}% 25
\BOOKMARK [2][-]{subsection.5.3}{Lifting System}{section.5}% 26
\BOOKMARK [1][-]{section.6}{Conclusion}{}% 27
\BOOKMARK [2][-]{subsection.6.1}{Work done}{section.6}% 28
\BOOKMARK [2][-]{subsection.6.2}{Future work}{section.6}% 29
\BOOKMARK [1][-]{section*.47}{References}{}% 30
\BOOKMARK [1][-]{appendix.A}{Coding}{}% 31
\BOOKMARK [2][-]{subsection.A.1}{Arduino Code}{appendix.A}% 32
\BOOKMARK [2][-]{subsection.A.2}{ESP Code}{appendix.A}% 33
